

Version:	3.14
CmdLine:	C:\Users\Bereket\Desktop\MSc\adv net\chapter 6\compiled\TicTacToe with socket programming.exe --l4j-debug
WOW64:		yes
Working dir:	C:\Users\Bereket\Desktop\MSc\adv net\chapter 6\compiled\.
Java min ver:	
Java max ver:	
Bundled JRE(s):	C:\Program Files (x86)\Java\jre7
Check launcher:	C:\Program Files (x86)\Java\jre7\bin\javaw.exe (OK)
Launcher:	C:\Program Files (x86)\Java\jre7\bin\javaw.exe
Launcher args:	-jar "C:\Users\Bereket\Desktop\MSc\adv net\chapter 6\compiled\TicTacToe with socket programming.exe"
Args length:	100/32768 chars
Exit code:	0


Version:	3.14
CmdLine:	C:\Users\Bereket\Desktop\MSc\adv net\chapter 6\compiled\TicTacToe with socket programming.exe --l4j-debug
WOW64:		yes
Working dir:	C:\Users\Bereket\Desktop\MSc\adv net\chapter 6\compiled\.
Java min ver:	
Java max ver:	
Bundled JRE(s):	C:\Program Files (x86)\Java\jre7
Check launcher:	C:\Program Files (x86)\Java\jre7\bin\javaw.exe (OK)
Launcher:	C:\Program Files (x86)\Java\jre7\bin\javaw.exe
Launcher args:	-jar "C:\Users\Bereket\Desktop\MSc\adv net\chapter 6\compiled\TicTacToe with socket programming.exe"
Args length:	100/32768 chars
Exit code:	0


Version:	3.14
CmdLine:	C:\Users\Bereket\Desktop\MSc\adv net\chapter 6\compiled\TicTacToe with socket programming.exe --l4j-debug
WOW64:		yes
Working dir:	C:\Users\Bereket\Desktop\MSc\adv net\chapter 6\compiled\.
Java min ver:	
Java max ver:	
Bundled JRE(s):	C:\Program Files\Java\jdk-11.0.8
Check launcher:	C:\Program Files\Java\jdk-11.0.8\bin\javaw.exe (OK)
Launcher:	C:\Program Files\Java\jdk-11.0.8\bin\javaw.exe
Launcher args:	-jar "C:\Users\Bereket\Desktop\MSc\adv net\chapter 6\compiled\TicTacToe with socket programming.exe"
Args length:	100/32768 chars
Exit code:	0
